<?xml version="1.0" encoding="UTF-8"?>
<testsuite xmlns:xsi="http://www.w3.org/2001/XMLSchema-instance" xsi:noNamespaceSchemaLocation="https://maven.apache.org/surefire/maven-surefire-plugin/xsd/surefire-test-report.xsd" name="CoderHotelClockSystemTest" time="0.029" tests="7" errors="0" skipped="0" failures="0">
  <properties>
    <property name="sun.desktop" value="windows"/>
    <property name="awt.toolkit" value="sun.awt.windows.WToolkit"/>
    <property name="java.specification.version" value="9"/>
    <property name="file.encoding.pkg" value="sun.io"/>
    <property name="sun.cpu.isalist" value="amd64"/>
    <property name="sun.jnu.encoding" value="GBK"/>
    <property name="java.class.path" value="E:\eclipse-workspace\CoderHotelClockSystem\target\test-classes;E:\eclipse-workspace\CoderHotelClockSystem\target\classes;E:\eclipse-workspace\mvn\mvnrepository\org\junit\jupiter\junit-jupiter\5.4.2\junit-jupiter-5.4.2.jar;E:\eclipse-workspace\mvn\mvnrepository\org\junit\jupiter\junit-jupiter-api\5.4.2\junit-jupiter-api-5.4.2.jar;E:\eclipse-workspace\mvn\mvnrepository\org\opentest4j\opentest4j\1.1.1\opentest4j-1.1.1.jar;E:\eclipse-workspace\mvn\mvnrepository\org\junit\platform\junit-platform-commons\1.4.2\junit-platform-commons-1.4.2.jar;E:\eclipse-workspace\mvn\mvnrepository\org\junit\jupiter\junit-jupiter-params\5.4.2\junit-jupiter-params-5.4.2.jar;E:\eclipse-workspace\mvn\mvnrepository\org\junit\jupiter\junit-jupiter-engine\5.4.2\junit-jupiter-engine-5.4.2.jar;E:\eclipse-workspace\mvn\mvnrepository\org\junit\platform\junit-platform-engine\1.4.2\junit-platform-engine-1.4.2.jar;E:\eclipse-workspace\mvn\mvnrepository\org\junit\platform\junit-platform-runner\1.4.2\junit-platform-runner-1.4.2.jar;E:\eclipse-workspace\mvn\mvnrepository\junit\junit\4.12\junit-4.12.jar;E:\eclipse-workspace\mvn\mvnrepository\org\hamcrest\hamcrest-core\1.3\hamcrest-core-1.3.jar;E:\eclipse-workspace\mvn\mvnrepository\org\apiguardian\apiguardian-api\1.0.0\apiguardian-api-1.0.0.jar;E:\eclipse-workspace\mvn\mvnrepository\org\junit\platform\junit-platform-launcher\1.4.2\junit-platform-launcher-1.4.2.jar;E:\eclipse-workspace\mvn\mvnrepository\org\junit\platform\junit-platform-suite-api\1.4.2\junit-platform-suite-api-1.4.2.jar;"/>
    <property name="java.vm.vendor" value="Oracle Corporation"/>
    <property name="sun.arch.data.model" value="64"/>
    <property name="user.variant" value=""/>
    <property name="java.vendor.url" value="http://java.oracle.com/"/>
    <property name="user.timezone" value="Asia/Shanghai"/>
    <property name="java.vm.specification.version" value="9"/>
    <property name="os.name" value="Windows 10"/>
    <property name="sun.java.launcher" value="SUN_STANDARD"/>
    <property name="user.country" value="CN"/>
    <property name="sun.boot.library.path" value="E:\Java\jdk-9.0.4\bin"/>
    <property name="sun.java.command" value="C:\Users\ADMINI~1\AppData\Local\Temp\surefire17854954008846348530\surefirebooter18010332500675208757.jar C:\Users\Administrator\AppData\Local\Temp\surefire17854954008846348530 2019-09-26T15-55-15_908-jvmRun1 surefire6569630911433929963tmp surefire_04703773464553131692tmp"/>
    <property name="jdk.debug" value="release"/>
    <property name="surefire.test.class.path" value="E:\eclipse-workspace\CoderHotelClockSystem\target\test-classes;E:\eclipse-workspace\CoderHotelClockSystem\target\classes;E:\eclipse-workspace\mvn\mvnrepository\org\junit\jupiter\junit-jupiter\5.4.2\junit-jupiter-5.4.2.jar;E:\eclipse-workspace\mvn\mvnrepository\org\junit\jupiter\junit-jupiter-api\5.4.2\junit-jupiter-api-5.4.2.jar;E:\eclipse-workspace\mvn\mvnrepository\org\opentest4j\opentest4j\1.1.1\opentest4j-1.1.1.jar;E:\eclipse-workspace\mvn\mvnrepository\org\junit\platform\junit-platform-commons\1.4.2\junit-platform-commons-1.4.2.jar;E:\eclipse-workspace\mvn\mvnrepository\org\junit\jupiter\junit-jupiter-params\5.4.2\junit-jupiter-params-5.4.2.jar;E:\eclipse-workspace\mvn\mvnrepository\org\junit\jupiter\junit-jupiter-engine\5.4.2\junit-jupiter-engine-5.4.2.jar;E:\eclipse-workspace\mvn\mvnrepository\org\junit\platform\junit-platform-engine\1.4.2\junit-platform-engine-1.4.2.jar;E:\eclipse-workspace\mvn\mvnrepository\org\junit\platform\junit-platform-runner\1.4.2\junit-platform-runner-1.4.2.jar;E:\eclipse-workspace\mvn\mvnrepository\junit\junit\4.12\junit-4.12.jar;E:\eclipse-workspace\mvn\mvnrepository\org\hamcrest\hamcrest-core\1.3\hamcrest-core-1.3.jar;E:\eclipse-workspace\mvn\mvnrepository\org\apiguardian\apiguardian-api\1.0.0\apiguardian-api-1.0.0.jar;E:\eclipse-workspace\mvn\mvnrepository\org\junit\platform\junit-platform-launcher\1.4.2\junit-platform-launcher-1.4.2.jar;E:\eclipse-workspace\mvn\mvnrepository\org\junit\platform\junit-platform-suite-api\1.4.2\junit-platform-suite-api-1.4.2.jar;"/>
    <property name="sun.cpu.endian" value="little"/>
    <property name="user.home" value="C:\Users\Administrator"/>
    <property name="user.language" value="zh"/>
    <property name="java.specification.vendor" value="Oracle Corporation"/>
    <property name="java.home" value="E:\Java\jdk-9.0.4"/>
    <property name="file.separator" value="\"/>
    <property name="basedir" value="E:\eclipse-workspace\CoderHotelClockSystem"/>
    <property name="java.vm.compressedOopsMode" value="Zero based"/>
    <property name="line.separator" value="&#10;"/>
    <property name="java.vm.specification.vendor" value="Oracle Corporation"/>
    <property name="java.specification.name" value="Java Platform API Specification"/>
    <property name="java.awt.graphicsenv" value="sun.awt.Win32GraphicsEnvironment"/>
    <property name="surefire.real.class.path" value="C:\Users\ADMINI~1\AppData\Local\Temp\surefire17854954008846348530\surefirebooter18010332500675208757.jar"/>
    <property name="user.script" value=""/>
    <property name="sun.management.compiler" value="HotSpot 64-Bit Tiered Compilers"/>
    <property name="java.runtime.version" value="9.0.4+11"/>
    <property name="user.name" value="Administrator"/>
    <property name="path.separator" value=";"/>
    <property name="os.version" value="10.0"/>
    <property name="java.runtime.name" value="Java(TM) SE Runtime Environment"/>
    <property name="file.encoding" value="GBK"/>
    <property name="java.vm.name" value="Java HotSpot(TM) 64-Bit Server VM"/>
    <property name="localRepository" value="E:\eclipse-workspace\mvn\mvnrepository"/>
    <property name="java.vendor.url.bug" value="http://bugreport.java.com/bugreport/"/>
    <property name="java.io.tmpdir" value="C:\Users\ADMINI~1\AppData\Local\Temp\"/>
    <property name="java.version" value="9.0.4"/>
    <property name="user.dir" value="E:\eclipse-workspace\CoderHotelClockSystem"/>
    <property name="os.arch" value="amd64"/>
    <property name="java.vm.specification.name" value="Java Virtual Machine Specification"/>
    <property name="java.awt.printerjob" value="sun.awt.windows.WPrinterJob"/>
    <property name="sun.os.patch.level" value=""/>
    <property name="java.library.path" value="E:\Java\jdk-9.0.4\bin;C:\WINDOWS\Sun\Java\bin;C:\WINDOWS\system32;C:\WINDOWS;D:\Program Files\python;D:\Program Files\mingw64\bin;D:\Program Files\python\Scripts;D:\Program Files\Microsoft MPI\Bin\;C:\ProgramData\Oracle\Java\javapath;C:\WINDOWS\system32;C:\WINDOWS;C:\WINDOWS\System32\Wbem;C:\WINDOWS\System32\WindowsPowerShell\v1.0\;E:\Java\jdk-9.0.4\bin;E:\Java\jdk-9.0.4\jre\bin;C:\Program Files\Common Files\Autodesk Shared\;C:\Program Files (x86)\Autodesk\Backburner\;C:\WINDOWS\System32\OpenSSH\;C:\Program Files (x86)\Microsoft SQL Server\Client SDK\ODBC\130\Tools\Binn\;C:\Program Files (x86)\Microsoft SQL Server\140\Tools\Binn\;C:\Program Files (x86)\Microsoft SQL Server\140\DTS\Binn\;C:\Program Files (x86)\Microsoft SQL Server\140\Tools\Binn\ManagementStudio\;C:\Program Files\Microsoft SQL Server\Client SDK\ODBC\130\Tools\Binn\;C:\Program Files\Microsoft SQL Server\140\Tools\Binn\;C:\Program Files\Microsoft SQL Server\140\DTS\Binn\;C:\Program Files (x86)\GtkSharp\2.12\bin;C:\Program Files\Pandoc\;F:\texlive\2019\bin\win32;%MAVEN_HOME%\bin;C:\Program Files\Git\cmd;C:\Users\Administrator\AppData\Local\Microsoft\WindowsApps;D:\Program Files\JetBrains\PyCharm Community Edition 2019.1.3\bin;;D:\Program Files\python;;E:\Users\Administrator\AppData\Local\Programs\Microsoft VS Code\bin;."/>
    <property name="java.vm.info" value="mixed mode"/>
    <property name="java.vendor" value="Oracle Corporation"/>
    <property name="java.vm.version" value="9.0.4+11"/>
    <property name="sun.io.unicode.encoding" value="UnicodeLittle"/>
    <property name="java.class.version" value="53.0"/>
  </properties>
  <testcase name="addCityClockTest" classname="CoderHotelClockSystemTest" time="0.012"/>
  <testcase name="phoneClockTest" classname="CoderHotelClockSystemTest" time="0.002"/>
  <testcase name="moscowClockTest" classname="CoderHotelClockSystemTest" time="0.001"/>
  <testcase name="sydneyClockTest" classname="CoderHotelClockSystemTest" time="0"/>
  <testcase name="londonClockTest" classname="CoderHotelClockSystemTest" time="0.001"/>
  <testcase name="clockSystemTest" classname="CoderHotelClockSystemTest" time="0.001"/>
  <testcase name="newYorkClockTest" classname="CoderHotelClockSystemTest" time="0.001"/>
</testsuite>